# JRE version: OpenJDK Runtime Environment (11.0.9.1+1) (build 11.0.9.1+1-post-Debian-1deb10u2)
# Java VM: OpenJDK 64-Bit Server VM (11.0.9.1+1-post-Debian-1deb10u2, mixed mode, sharing, tiered, compressed oops, g1 gc, linux-amd64)
Heap:
 garbage-first heap   total 150528K, used 45573K [0x0000000088000000, 0x0000000100000000)
  region size 1024K, 26 young (26624K), 2 survivors (2048K)
 Metaspace       used 38385K, capacity 39480K, committed 39808K, reserved 1083392K
  class space    used 4742K, capacity 5188K, committed 5248K, reserved 1048576K
GC Heap History (16 events):
Event: 0.892 GC heap before
{Heap before GC invocations=0 (full 0):
 garbage-first heap   total 124928K, used 6856K [0x0000000088000000, 0x0000000100000000)
  region size 1024K, 7 young (7168K), 0 survivors (0K)
 Metaspace       used 1205K, capacity 4948K, committed 5120K, reserved 1056768K
  class space    used 93K, capacity 438K, committed 512K, reserved 1048576K
}
Event: 0.929 GC heap after
{Heap after GC invocations=1 (full 0):
 garbage-first heap   total 124928K, used 4096K [0x0000000088000000, 0x0000000100000000)
  region size 1024K, 1 young (1024K), 1 survivors (1024K)
 Metaspace       used 1205K, capacity 4948K, committed 5120K, reserved 1056768K
  class space    used 93K, capacity 438K, committed 512K, reserved 1048576K
}
Event: 1.391 GC heap before
{Heap before GC invocations=1 (full 0):
 garbage-first heap   total 124928K, used 9216K [0x0000000088000000, 0x0000000100000000)
  region size 1024K, 6 young (6144K), 1 survivors (1024K)
 Metaspace       used 2413K, capacity 5428K, committed 5760K, reserved 1056768K
  class space    used 227K, capacity 513K, committed 640K, reserved 1048576K
}
Event: 1.406 GC heap after
{Heap after GC invocations=2 (full 0):
 garbage-first heap   total 124928K, used 4890K [0x0000000088000000, 0x0000000100000000)
  region size 1024K, 1 young (1024K), 1 survivors (1024K)
 Metaspace       used 2413K, capacity 5428K, committed 5760K, reserved 1056768K
  class space    used 227K, capacity 513K, committed 640K, reserved 1048576K
}
Event: 2.121 GC heap before
{Heap before GC invocations=2 (full 0):
 garbage-first heap   total 124928K, used 15130K [0x0000000088000000, 0x0000000100000000)
  region size 1024K, 11 young (11264K), 1 survivors (1024K)
 Metaspace       used 4580K, capacity 6821K, committed 6912K, reserved 1056768K
  class space    used 503K, capacity 725K, committed 768K, reserved 1048576K
}
Event: 2.131 GC heap after
{Heap after GC invocations=3 (full 0):
 garbage-first heap   total 124928K, used 5482K [0x0000000088000000, 0x0000000100000000)
  region size 1024K, 2 young (2048K), 2 survivors (2048K)
 Metaspace       used 4580K, capacity 6821K, committed 6912K, reserved 1056768K
  class space    used 503K, capacity 725K, committed 768K, reserved 1048576K
}
Event: 3.080 GC heap before
{Heap before GC invocations=3 (full 0):
 garbage-first heap   total 124928K, used 20842K [0x0000000088000000, 0x0000000100000000)
  region size 1024K, 17 young (17408K), 2 survivors (2048K)
 Metaspace       used 7291K, capacity 8765K, committed 9088K, reserved 1056768K
  class space    used 894K, capacity 1104K, committed 1152K, reserved 1048576K
}
Event: 3.090 GC heap after
{Heap after GC invocations=4 (full 0):
 garbage-first heap   total 124928K, used 6313K [0x0000000088000000, 0x0000000100000000)
  region size 1024K, 3 young (3072K), 3 survivors (3072K)
 Metaspace       used 7291K, capacity 8765K, committed 9088K, reserved 1056768K
  class space    used 894K, capacity 1104K, committed 1152K, reserved 1048576K
}
Event: 4.135 GC heap before
{Heap before GC invocations=4 (full 0):
 garbage-first heap   total 124928K, used 46249K [0x0000000088000000, 0x0000000100000000)
  region size 1024K, 43 young (44032K), 3 survivors (3072K)
 Metaspace       used 14453K, capacity 14951K, committed 15232K, reserved 1062912K
  class space    used 1888K, capacity 2073K, committed 2176K, reserved 1048576K
}
Event: 4.145 GC heap after
{Heap after GC invocations=5 (full 0):
 garbage-first heap   total 150528K, used 8436K [0x0000000088000000, 0x0000000100000000)
  region size 1024K, 5 young (5120K), 5 survivors (5120K)
 Metaspace       used 14453K, capacity 14951K, committed 15232K, reserved 1062912K
  class space    used 1888K, capacity 2073K, committed 2176K, reserved 1048576K
}
Event: 5.278 GC heap before
{Heap before GC invocations=5 (full 0):
 garbage-first heap   total 150528K, used 51444K [0x0000000088000000, 0x0000000100000000)
  region size 1024K, 48 young (49152K), 5 survivors (5120K)
 Metaspace       used 20423K, capacity 21018K, committed 21248K, reserved 1067008K
  class space    used 2571K, capacity 2807K, committed 2816K, reserved 1048576K
}
Event: 5.297 GC heap after
{Heap after GC invocations=6 (full 0):
 garbage-first heap   total 150528K, used 9977K [0x0000000088000000, 0x0000000100000000)
  region size 1024K, 6 young (6144K), 6 survivors (6144K)
 Metaspace       used 20423K, capacity 21018K, committed 21248K, reserved 1067008K
  class space    used 2571K, capacity 2807K, committed 2816K, reserved 1048576K
}
Event: 8.006 GC heap before
{Heap before GC invocations=7 (full 0):
 garbage-first heap   total 150528K, used 93945K [0x0000000088000000, 0x0000000100000000)
  region size 1024K, 88 young (90112K), 6 survivors (6144K)
 Metaspace       used 32045K, capacity 33087K, committed 33408K, reserved 1079296K
  class space    used 4013K, capacity 4405K, committed 4480K, reserved 1048576K
}
Event: 8.036 GC heap after
{Heap after GC invocations=8 (full 0):
 garbage-first heap   total 150528K, used 15612K [0x0000000088000000, 0x0000000100000000)
  region size 1024K, 11 young (11264K), 11 survivors (11264K)
 Metaspace       used 32045K, capacity 33087K, committed 33408K, reserved 1079296K
  class space    used 4013K, capacity 4405K, committed 4480K, reserved 1048576K
}
Event: 8.516 GC heap before
{Heap before GC invocations=8 (full 0):
 garbage-first heap   total 150528K, used 36092K [0x0000000088000000, 0x0000000100000000)
  region size 1024K, 32 young (32768K), 11 survivors (11264K)
 Metaspace       used 34463K, capacity 35491K, committed 35628K, reserved 1081344K
  class space    used 4343K, capacity 4752K, committed 4864K, reserved 1048576K
}
Event: 8.550 GC heap after
{Heap after GC invocations=9 (full 0):
 garbage-first heap   total 150528K, used 16901K [0x0000000088000000, 0x0000000100000000)
  region size 1024K, 2 young (2048K), 2 survivors (2048K)
 Metaspace       used 34463K, capacity 35491K, committed 35628K, reserved 1081344K
  class space    used 4343K, capacity 4752K, committed 4864K, reserved 1048576K
}

