# JRE version: OpenJDK Runtime Environment (11.0.9.1+1) (build 11.0.9.1+1-post-Debian-1deb10u2)
# Java VM: OpenJDK 64-Bit Server VM (11.0.9.1+1-post-Debian-1deb10u2, mixed mode, sharing, tiered, compressed oops, g1 gc, linux-amd64)
Heap:
 garbage-first heap   total 156672K, used 39505K [0x0000000088000000, 0x0000000100000000)
  region size 1024K, 32 young (32768K), 8 survivors (8192K)
 Metaspace       used 38090K, capacity 39176K, committed 39552K, reserved 1083392K
  class space    used 4695K, capacity 5124K, committed 5248K, reserved 1048576K
GC Heap History (16 events):
Event: 0,755 GC heap before
{Heap before GC invocations=0 (full 0):
 garbage-first heap   total 124928K, used 7880K [0x0000000088000000, 0x0000000100000000)
  region size 1024K, 7 young (7168K), 0 survivors (0K)
 Metaspace       used 1172K, capacity 4948K, committed 5120K, reserved 1056768K
  class space    used 92K, capacity 438K, committed 512K, reserved 1048576K
}
Event: 0,780 GC heap after
{Heap after GC invocations=1 (full 0):
 garbage-first heap   total 124928K, used 4166K [0x0000000088000000, 0x0000000100000000)
  region size 1024K, 1 young (1024K), 1 survivors (1024K)
 Metaspace       used 1172K, capacity 4948K, committed 5120K, reserved 1056768K
  class space    used 92K, capacity 438K, committed 512K, reserved 1048576K
}
Event: 1,120 GC heap before
{Heap before GC invocations=1 (full 0):
 garbage-first heap   total 124928K, used 9286K [0x0000000088000000, 0x0000000100000000)
  region size 1024K, 6 young (6144K), 1 survivors (1024K)
 Metaspace       used 2396K, capacity 5498K, committed 5760K, reserved 1056768K
  class space    used 224K, capacity 515K, committed 640K, reserved 1048576K
}
Event: 1,131 GC heap after
{Heap after GC invocations=2 (full 0):
 garbage-first heap   total 124928K, used 4902K [0x0000000088000000, 0x0000000100000000)
  region size 1024K, 1 young (1024K), 1 survivors (1024K)
 Metaspace       used 2396K, capacity 5498K, committed 5760K, reserved 1056768K
  class space    used 224K, capacity 515K, committed 640K, reserved 1048576K
}
Event: 1,671 GC heap before
{Heap before GC invocations=2 (full 0):
 garbage-first heap   total 124928K, used 15142K [0x0000000088000000, 0x0000000100000000)
  region size 1024K, 11 young (11264K), 1 survivors (1024K)
 Metaspace       used 4571K, capacity 6891K, committed 7168K, reserved 1056768K
  class space    used 504K, capacity 727K, committed 768K, reserved 1048576K
}
Event: 1,680 GC heap after
{Heap after GC invocations=3 (full 0):
 garbage-first heap   total 124928K, used 5484K [0x0000000088000000, 0x0000000100000000)
  region size 1024K, 2 young (2048K), 2 survivors (2048K)
 Metaspace       used 4571K, capacity 6891K, committed 7168K, reserved 1056768K
  class space    used 504K, capacity 727K, committed 768K, reserved 1048576K
}
Event: 2,323 GC heap before
{Heap before GC invocations=3 (full 0):
 garbage-first heap   total 124928K, used 20844K [0x0000000088000000, 0x0000000100000000)
  region size 1024K, 17 young (17408K), 2 survivors (2048K)
 Metaspace       used 7378K, capacity 8837K, committed 9088K, reserved 1056768K
  class space    used 896K, capacity 1106K, committed 1152K, reserved 1048576K
}
Event: 2,339 GC heap after
{Heap after GC invocations=4 (full 0):
 garbage-first heap   total 124928K, used 6418K [0x0000000088000000, 0x0000000100000000)
  region size 1024K, 3 young (3072K), 3 survivors (3072K)
 Metaspace       used 7378K, capacity 8837K, committed 9088K, reserved 1056768K
  class space    used 896K, capacity 1106K, committed 1152K, reserved 1048576K
}
Event: 3,174 GC heap before
{Heap before GC invocations=4 (full 0):
 garbage-first heap   total 124928K, used 44306K [0x0000000088000000, 0x0000000100000000)
  region size 1024K, 40 young (40960K), 3 survivors (3072K)
 Metaspace       used 14267K, capacity 14785K, committed 14976K, reserved 1062912K
  class space    used 1875K, capacity 2083K, committed 2176K, reserved 1048576K
}
Event: 3,185 GC heap after
{Heap after GC invocations=5 (full 0):
 garbage-first heap   total 156672K, used 7961K [0x0000000088000000, 0x0000000100000000)
  region size 1024K, 4 young (4096K), 4 survivors (4096K)
 Metaspace       used 14267K, capacity 14785K, committed 14976K, reserved 1062912K
  class space    used 1875K, capacity 2083K, committed 2176K, reserved 1048576K
}
Event: 4,033 GC heap before
{Heap before GC invocations=5 (full 0):
 garbage-first heap   total 156672K, used 53017K [0x0000000088000000, 0x0000000100000000)
  region size 1024K, 50 young (51200K), 4 survivors (4096K)
 Metaspace       used 20542K, capacity 21093K, committed 21248K, reserved 1067008K
  class space    used 2575K, capacity 2809K, committed 2816K, reserved 1048576K
}
Event: 4,045 GC heap after
{Heap after GC invocations=6 (full 0):
 garbage-first heap   total 156672K, used 9926K [0x0000000088000000, 0x0000000100000000)
  region size 1024K, 6 young (6144K), 6 survivors (6144K)
 Metaspace       used 20542K, capacity 21093K, committed 21248K, reserved 1067008K
  class space    used 2575K, capacity 2809K, committed 2816K, reserved 1048576K
}
Event: 5,490 GC heap before
{Heap before GC invocations=7 (full 0):
 garbage-first heap   total 156672K, used 70342K [0x0000000088000000, 0x0000000100000000)
  region size 1024K, 65 young (66560K), 6 survivors (6144K)
 Metaspace       used 30657K, capacity 31575K, committed 31872K, reserved 1077248K
  class space    used 3831K, capacity 4200K, committed 4224K, reserved 1048576K
}
Event: 5,510 GC heap after
{Heap after GC invocations=8 (full 0):
 garbage-first heap   total 156672K, used 14493K [0x0000000088000000, 0x0000000100000000)
  region size 1024K, 9 young (9216K), 9 survivors (9216K)
 Metaspace       used 30657K, capacity 31575K, committed 31872K, reserved 1077248K
  class space    used 3831K, capacity 4200K, committed 4224K, reserved 1048576K
}
Event: 6,318 GC heap before
{Heap before GC invocations=8 (full 0):
 garbage-first heap   total 156672K, used 55453K [0x0000000088000000, 0x0000000100000000)
  region size 1024K, 50 young (51200K), 9 survivors (9216K)
 Metaspace       used 34410K, capacity 35412K, committed 35584K, reserved 1079296K
  class space    used 4313K, capacity 4744K, committed 4864K, reserved 1048576K
}
Event: 6,343 GC heap after
{Heap after GC invocations=9 (full 0):
 garbage-first heap   total 156672K, used 16977K [0x0000000088000000, 0x0000000100000000)
  region size 1024K, 8 young (8192K), 8 survivors (8192K)
 Metaspace       used 34410K, capacity 35412K, committed 35584K, reserved 1079296K
  class space    used 4313K, capacity 4744K, committed 4864K, reserved 1048576K
}

